$ next dev
⚠ Port 3000 is in use by an unknown process, using available port 3002 instead.
▲ Next.js 16.1.4 (Turbopack)
- Local:         http://localhost:3002
- Network:       http://169.254.0.21:3002

✓ Starting...
✓ Ready in 1288ms
  Reload env: .env.local
○ Compiling /_not-found/page ...
⨯ ./lib/api/client.ts:1:1
Module not found: Can't resolve 'axios'
[0m[31m[1m>[22m[39m[90m 1 |[39m [36mimport[39m axios[33m,[39m { [33mAxiosInstance[39m[33m,[39m [33mAxiosRequestConfig[39m } [36mfrom[39m [32m'axios'[39m
 [90m   |[39m [31m[1m^[22m[39m[31m[1m^[22m[39m[31m[1m^[22m[39m[31m[1m^[22m[39m[31m[1m^[22m[39m[31m[1m^[22m[39m[31m[1m^[22m[39m[31m[1m^[22m[39m[31m[1m^[22m[39m[31m[1m^[22m[39m[31m[1m^[22m[39m[31m[1m^[22m[39m[31m[1m^[22m[39m[31m[1m^[22m[39m[31m[1m^[22m[39m[31m[1m^[22m[39m[31m[1m^[22m[39m[31m[1m^[22m[39m[31m[1m^[22m[39m[31m[1m^[22m[39m[31m[1m^[22m[39m[31m[1m^[22m[39m[31m[1m^[22m[39m[31m[1m^[22m[39m[31m[1m^[22m[39m[31m[1m^[22m[39m[31m[1m^[22m[39m[31m[1m^[22m[39m[31m[1m^[22m[39m[31m[1m^[22m[39m[31m[1m^[22m[39m[31m[1m^[22m[39m[31m[1m^[22m[39m[31m[1m^[22m[39m[31m[1m^[22m[39m[31m[1m^[22m[39m[31m[1m^[22m[39m[31m[1m^[22m[39m[31m[1m^[22m[39m[31m[1m^[22m[39m[31m[1m^[22m[39m[31m[1m^[22m[39m[31m[1m^[22m[39m[31m[1m^[22m[39m[31m[1m^[22m[39m[31m[1m^[22m[39m[31m[1m^[22m[39m[31m[1m^[22m[39m[31m[1m^[22m[39m[31m[1m^[22m[39m[31m[1m^[22m[39m[31m[1m^[22m[39m[31m[1m^[22m[39m[31m[1m^[22m[39m[31m[1m^[22m[39m[31m[1m^[22m[39m[31m[1m^[22m[39m[31m[1m^[22m[39m[31m[1m^[22m[39m[31m[1m^[22m[39m[31m[1m^[22m[39m[31m[1m^[22m[39m[31m[1m^[22m[39m[31m[1m^[22m[39m
 [90m 2 |[39m
 [90m 3 |[39m [36mconst[39m [33mAPI_BASE_URL[39m [33m=[39m process[33m.[39menv[33m.[39m[33mNEXT_PUBLIC_API_URL[39m [33m||[39m [32m'https://ott-platform.lindy.site/api'[39m
 [90m 4 |[39m[0m



Import traces:
  Client Component Browser:
    ./lib/api/client.ts [Client Component Browser]
    ./components/auth/RegisterForm.tsx [Client Component Browser]
    ./components/layout/Header.tsx [Client Component Browser]
    ./components/layout/Header.tsx [Server Component]
    ./app/layout.tsx [Server Component]

  Client Component SSR:
    ./lib/api/client.ts [Client Component SSR]
    ./components/auth/RegisterForm.tsx [Client Component SSR]
    ./components/layout/Header.tsx [Client Component SSR]
    ./components/layout/Header.tsx [Server Component]
    ./app/layout.tsx [Server Component]

https://nextjs.org/docs/messages/module-not-found


 GET /api/content/movies 500 in 7.2s (compile: 7.0s, render: 250ms)
⨯ ./lib/api/client.ts:1:1
Module not found: Can't resolve 'axios'
[0m[31m[1m>[22m[39m[90m 1 |[39m [36mimport[39m axios[33m,[39m { [33mAxiosInstance[39m[33m,[39m [33mAxiosRequestConfig[39m } [36mfrom[39m [32m'axios'[39m
 [90m   |[39m [31m[1m^[22m[39m[31m[1m^[22m[39m[31m[1m^[22m[39m[31m[1m^[22m[39m[31m[1m^[22m[39m[31m[1m^[22m[39m[31m[1m^[22m[39m[31m[1m^[22m[39m[31m[1m^[22m[39m[31m[1m^[22m[39m[31m[1m^[22m[39m[31m[1m^[22m[39m[31m[1m^[22m[39m[31m[1m^[22m[39m[31m[1m^[22m[39m[31m[1m^[22m[39m[31m[1m^[22m[39m[31m[1m^[22m[39m[31m[1m^[22m[39m[31m[1m^[22m[39m[31m[1m^[22m[39m[31m[1m^[22m[39m[31m[1m^[22m[39m[31m[1m^[22m[39m[31m[1m^[22m[39m[31m[1m^[22m[39m[31m[1m^[22m[39m[31m[1m^[22m[39m[31m[1m^[22m[39m[31m[1m^[22m[39m[31m[1m^[22m[39m[31m[1m^[22m[39m[31m[1m^[22m[39m[31m[1m^[22m[39m[31m[1m^[22m[39m[31m[1m^[22m[39m[31m[1m^[22m[39m[31m[1m^[22m[39m[31m[1m^[22m[39m[31m[1m^[22m[39m[31m[1m^[22m[39m[31m[1m^[22m[39m[31m[1m^[22m[39m[31m[1m^[22m[39m[31m[1m^[22m[39m[31m[1m^[22m[39m[31m[1m^[22m[39m[31m[1m^[22m[39m[31m[1m^[22m[39m[31m[1m^[22m[39m[31m[1m^[22m[39m[31m[1m^[22m[39m[31m[1m^[22m[39m[31m[1m^[22m[39m[31m[1m^[22m[39m[31m[1m^[22m[39m[31m[1m^[22m[39m[31m[1m^[22m[39m[31m[1m^[22m[39m[31m[1m^[22m[39m[31m[1m^[22m[39m[31m[1m^[22m[39m[31m[1m^[22m[39m[31m[1m^[22m[39m
 [90m 2 |[39m
 [90m 3 |[39m [36mconst[39m [33mAPI_BASE_URL[39m [33m=[39m process[33m.[39menv[33m.[39m[33mNEXT_PUBLIC_API_URL[39m [33m||[39m [32m'https://ott-platform.lindy.site/api'[39m
 [90m 4 |[39m[0m



Import traces:
  Client Component Browser:
    ./lib/api/client.ts [Client Component Browser]
    ./components/auth/RegisterForm.tsx [Client Component Browser]
    ./components/layout/Header.tsx [Client Component Browser]
    ./components/layout/Header.tsx [Server Component]
    ./app/layout.tsx [Server Component]

  Client Component SSR:
    ./lib/api/client.ts [Client Component SSR]
    ./components/auth/RegisterForm.tsx [Client Component SSR]
    ./components/layout/Header.tsx [Client Component SSR]
    ./components/layout/Header.tsx [Server Component]
    ./app/layout.tsx [Server Component]

https://nextjs.org/docs/messages/module-not-found


⨯ ./lib/api/client.ts:1:1
Module not found: Can't resolve 'axios'
[0m[31m[1m>[22m[39m[90m 1 |[39m [36mimport[39m axios[33m,[39m { [33mAxiosInstance[39m[33m,[39m [33mAxiosRequestConfig[39m } [36mfrom[39m [32m'axios'[39m
 [90m   |[39m [31m[1m^[22m[39m[31m[1m^[22m[39m[31m[1m^[22m[39m[31m[1m^[22m[39m[31m[1m^[22m[39m[31m[1m^[22m[39m[31m[1m^[22m[39m[31m[1m^[22m[39m[31m[1m^[22m[39m[31m[1m^[22m[39m[31m[1m^[22m[39m[31m[1m^[22m[39m[31m[1m^[22m[39m[31m[1m^[22m[39m[31m[1m^[22m[39m[31m[1m^[22m[39m[31m[1m^[22m[39m[31m[1m^[22m[39m[31m[1m^[22m[39m[31m[1m^[22m[39m[31m[1m^[22m[39m[31m[1m^[22m[39m[31m[1m^[22m[39m[31m[1m^[22m[39m[31m[1m^[22m[39m[31m[1m^[22m[39m[31m[1m^[22m[39m[31m[1m^[22m[39m[31m[1m^[22m[39m[31m[1m^[22m[39m[31m[1m^[22m[39m[31m[1m^[22m[39m[31m[1m^[22m[39m[31m[1m^[22m[39m[31m[1m^[22m[39m[31m[1m^[22m[39m[31m[1m^[22m[39m[31m[1m^[22m[39m[31m[1m^[22m[39m[31m[1m^[22m[39m[31m[1m^[22m[39m[31m[1m^[22m[39m[31m[1m^[22m[39m[31m[1m^[22m[39m[31m[1m^[22m[39m[31m[1m^[22m[39m[31m[1m^[22m[39m[31m[1m^[22m[39m[31m[1m^[22m[39m[31m[1m^[22m[39m[31m[1m^[22m[39m[31m[1m^[22m[39m[31m[1m^[22m[39m[31m[1m^[22m[39m[31m[1m^[22m[39m[31m[1m^[22m[39m[31m[1m^[22m[39m[31m[1m^[22m[39m[31m[1m^[22m[39m[31m[1m^[22m[39m[31m[1m^[22m[39m[31m[1m^[22m[39m[31m[1m^[22m[39m[31m[1m^[22m[39m
 [90m 2 |[39m
 [90m 3 |[39m [36mconst[39m [33mAPI_BASE_URL[39m [33m=[39m process[33m.[39menv[33m.[39m[33mNEXT_PUBLIC_API_URL[39m [33m||[39m [32m'https://ott-platform.lindy.site/api'[39m
 [90m 4 |[39m[0m



Import traces:
  Client Component Browser:
    ./lib/api/client.ts [Client Component Browser]
    ./components/auth/RegisterForm.tsx [Client Component Browser]
    ./components/layout/Header.tsx [Client Component Browser]
    ./components/layout/Header.tsx [Server Component]
    ./app/layout.tsx [Server Component]

  Client Component SSR:
    ./lib/api/client.ts [Client Component SSR]
    ./components/auth/RegisterForm.tsx [Client Component SSR]
    ./components/layout/Header.tsx [Client Component SSR]
    ./components/layout/Header.tsx [Server Component]
    ./app/layout.tsx [Server Component]

https://nextjs.org/docs/messages/module-not-found


⨯ ./lib/api/client.ts:1:1
Module not found: Can't resolve 'axios'
[0m[31m[1m>[22m[39m[90m 1 |[39m [36mimport[39m axios[33m,[39m { [33mAxiosInstance[39m[33m,[39m [33mAxiosRequestConfig[39m } [36mfrom[39m [32m'axios'[39m
 [90m   |[39m [31m[1m^[22m[39m[31m[1m^[22m[39m[31m[1m^[22m[39m[31m[1m^[22m[39m[31m[1m^[22m[39m[31m[1m^[22m[39m[31m[1m^[22m[39m[31m[1m^[22m[39m[31m[1m^[22m[39m[31m[1m^[22m[39m[31m[1m^[22m[39m[31m[1m^[22m[39m[31m[1m^[22m[39m[31m[1m^[22m[39m[31m[1m^[22m[39m[31m[1m^[22m[39m[31m[1m^[22m[39m[31m[1m^[22m[39m[31m[1m^[22m[39m[31m[1m^[22m[39m[31m[1m^[22m[39m[31m[1m^[22m[39m[31m[1m^[22m[39m[31m[1m^[22m[39m[31m[1m^[22m[39m[31m[1m^[22m[39m[31m[1m^[22m[39m[31m[1m^[22m[39m[31m[1m^[22m[39m[31m[1m^[22m[39m[31m[1m^[22m[39m[31m[1m^[22m[39m[31m[1m^[22m[39m[31m[1m^[22m[39m[31m[1m^[22m[39m[31m[1m^[22m[39m[31m[1m^[22m[39m[31m[1m^[22m[39m[31m[1m^[22m[39m[31m[1m^[22m[39m[31m[1m^[22m[39m[31m[1m^[22m[39m[31m[1m^[22m[39m[31m[1m^[22m[39m[31m[1m^[22m[39m[31m[1m^[22m[39m[31m[1m^[22m[39m[31m[1m^[22m[39m[31m[1m^[22m[39m[31m[1m^[22m[39m[31m[1m^[22m[39m[31m[1m^[22m[39m[31m[1m^[22m[39m[31m[1m^[22m[39m[31m[1m^[22m[39m[31m[1m^[22m[39m[31m[1m^[22m[39m[31m[1m^[22m[39m[31m[1m^[22m[39m[31m[1m^[22m[39m[31m[1m^[22m[39m[31m[1m^[22m[39m[31m[1m^[22m[39m[31m[1m^[22m[39m
 [90m 2 |[39m
 [90m 3 |[39m [36mconst[39m [33mAPI_BASE_URL[39m [33m=[39m process[33m.[39menv[33m.[39m[33mNEXT_PUBLIC_API_URL[39m [33m||[39m [32m'https://ott-platform.lindy.site/api'[39m
 [90m 4 |[39m[0m



Import traces:
  Client Component Browser:
    ./lib/api/client.ts [Client Component Browser]
    ./components/auth/RegisterForm.tsx [Client Component Browser]
    ./components/layout/Header.tsx [Client Component Browser]
    ./components/layout/Header.tsx [Server Component]
    ./app/layout.tsx [Server Component]

  Client Component SSR:
    ./lib/api/client.ts [Client Component SSR]
    ./components/auth/RegisterForm.tsx [Client Component SSR]
    ./components/layout/Header.tsx [Client Component SSR]
    ./components/layout/Header.tsx [Server Component]
    ./app/layout.tsx [Server Component]

https://nextjs.org/docs/messages/module-not-found


⨯ ./lib/api/client.ts:1:1
Module not found: Can't resolve 'axios'
[0m[31m[1m>[22m[39m[90m 1 |[39m [36mimport[39m axios[33m,[39m { [33mAxiosInstance[39m[33m,[39m [33mAxiosRequestConfig[39m } [36mfrom[39m [32m'axios'[39m
 [90m   |[39m [31m[1m^[22m[39m[31m[1m^[22m[39m[31m[1m^[22m[39m[31m[1m^[22m[39m[31m[1m^[22m[39m[31m[1m^[22m[39m[31m[1m^[22m[39m[31m[1m^[22m[39m[31m[1m^[22m[39m[31m[1m^[22m[39m[31m[1m^[22m[39m[31m[1m^[22m[39m[31m[1m^[22m[39m[31m[1m^[22m[39m[31m[1m^[22m[39m[31m[1m^[22m[39m[31m[1m^[22m[39m[31m[1m^[22m[39m[31m[1m^[22m[39m[31m[1m^[22m[39m[31m[1m^[22m[39m[31m[1m^[22m[39m[31m[1m^[22m[39m[31m[1m^[22m[39m[31m[1m^[22m[39m[31m[1m^[22m[39m[31m[1m^[22m[39m[31m[1m^[22m[39m[31m[1m^[22m[39m[31m[1m^[22m[39m[31m[1m^[22m[39m[31m[1m^[22m[39m[31m[1m^[22m[39m[31m[1m^[22m[39m[31m[1m^[22m[39m[31m[1m^[22m[39m[31m[1m^[22m[39m[31m[1m^[22m[39m[31m[1m^[22m[39m[31m[1m^[22m[39m[31m[1m^[22m[39m[31m[1m^[22m[39m[31m[1m^[22m[39m[31m[1m^[22m[39m[31m[1m^[22m[39m[31m[1m^[22m[39m[31m[1m^[22m[39m[31m[1m^[22m[39m[31m[1m^[22m[39m[31m[1m^[22m[39m[31m[1m^[22m[39m[31m[1m^[22m[39m[31m[1m^[22m[39m[31m[1m^[22m[39m[31m[1m^[22m[39m[31m[1m^[22m[39m[31m[1m^[22m[39m[31m[1m^[22m[39m[31m[1m^[22m[39m[31m[1m^[22m[39m[31m[1m^[22m[39m[31m[1m^[22m[39m[31m[1m^[22m[39m[31m[1m^[22m[39m
 [90m 2 |[39m
 [90m 3 |[39m [36mconst[39m [33mAPI_BASE_URL[39m [33m=[39m process[33m.[39menv[33m.[39m[33mNEXT_PUBLIC_API_URL[39m [33m||[39m [32m'https://ott-platform.lindy.site/api'[39m
 [90m 4 |[39m[0m



Import traces:
  Client Component Browser:
    ./lib/api/client.ts [Client Component Browser]
    ./components/auth/RegisterForm.tsx [Client Component Browser]
    ./components/layout/Header.tsx [Client Component Browser]
    ./components/layout/Header.tsx [Server Component]
    ./app/layout.tsx [Server Component]

  Client Component SSR:
    ./lib/api/client.ts [Client Component SSR]
    ./components/auth/RegisterForm.tsx [Client Component SSR]
    ./components/layout/Header.tsx [Client Component SSR]
    ./components/layout/Header.tsx [Server Component]
    ./app/layout.tsx [Server Component]

https://nextjs.org/docs/messages/module-not-found


⨯ ./lib/api/client.ts:1:1
Module not found: Can't resolve 'axios'
[0m[31m[1m>[22m[39m[90m 1 |[39m [36mimport[39m axios[33m,[39m { [33mAxiosInstance[39m[33m,[39m [33mAxiosRequestConfig[39m } [36mfrom[39m [32m'axios'[39m
 [90m   |[39m [31m[1m^[22m[39m[31m[1m^[22m[39m[31m[1m^[22m[39m[31m[1m^[22m[39m[31m[1m^[22m[39m[31m[1m^[22m[39m[31m[1m^[22m[39m[31m[1m^[22m[39m[31m[1m^[22m[39m[31m[1m^[22m[39m[31m[1m^[22m[39m[31m[1m^[22m[39m[31m[1m^[22m[39m[31m[1m^[22m[39m[31m[1m^[22m[39m[31m[1m^[22m[39m[31m[1m^[22m[39m[31m[1m^[22m[39m[31m[1m^[22m[39m[31m[1m^[22m[39m[31m[1m^[22m[39m[31m[1m^[22m[39m[31m[1m^[22m[39m[31m[1m^[22m[39m[31m[1m^[22m[39m[31m[1m^[22m[39m[31m[1m^[22m[39m[31m[1m^[22m[39m[31m[1m^[22m[39m[31m[1m^[22m[39m[31m[1m^[22m[39m[31m[1m^[22m[39m[31m[1m^[22m[39m[31m[1m^[22m[39m[31m[1m^[22m[39m[31m[1m^[22m[39m[31m[1m^[22m[39m[31m[1m^[22m[39m[31m[1m^[22m[39m[31m[1m^[22m[39m[31m[1m^[22m[39m[31m[1m^[22m[39m[31m[1m^[22m[39m[31m[1m^[22m[39m[31m[1m^[22m[39m[31m[1m^[22m[39m[31m[1m^[22m[39m[31m[1m^[22m[39m[31m[1m^[22m[39m[31m[1m^[22m[39m[31m[1m^[22m[39m[31m[1m^[22m[39m[31m[1m^[22m[39m[31m[1m^[22m[39m[31m[1m^[22m[39m[31m[1m^[22m[39m[31m[1m^[22m[39m[31m[1m^[22m[39m[31m[1m^[22m[39m[31m[1m^[22m[39m[31m[1m^[22m[39m[31m[1m^[22m[39m[31m[1m^[22m[39m[31m[1m^[22m[39m
 [90m 2 |[39m
 [90m 3 |[39m [36mconst[39m [33mAPI_BASE_URL[39m [33m=[39m process[33m.[39menv[33m.[39m[33mNEXT_PUBLIC_API_URL[39m [33m||[39m [32m'https://ott-platform.lindy.site/api'[39m
 [90m 4 |[39m[0m



Import traces:
  #1 [Client Component Browser]:
    ./lib/api/client.ts [Client Component Browser]
    ./app/page.tsx [Client Component Browser]
    ./app/page.tsx [Server Component]

  #2 [Client Component SSR]:
    ./lib/api/client.ts [Client Component SSR]
    ./app/page.tsx [Client Component SSR]
    ./app/page.tsx [Server Component]

  #3 [Client Component Browser]:
    ./lib/api/client.ts [Client Component Browser]
    ./components/auth/RegisterForm.tsx [Client Component Browser]
    ./components/layout/Header.tsx [Client Component Browser]
    ./components/layout/Header.tsx [Server Component]
    ./app/layout.tsx [Server Component]

  #4 [Client Component SSR]:
    ./lib/api/client.ts [Client Component SSR]
    ./components/auth/RegisterForm.tsx [Client Component SSR]
    ./components/layout/Header.tsx [Client Component SSR]
    ./components/layout/Header.tsx [Server Component]
    ./app/layout.tsx [Server Component]

https://nextjs.org/docs/messages/module-not-found


 GET / 500 in 865ms (compile: 847ms, render: 18ms)
⚠ Cross origin request detected from ott-platform.lindy.site to /_next/* resource. In a future major version of Next.js, you will need to explicitly configure "allowedDevOrigins" in next.config to allow this.
Read more: https://nextjs.org/docs/app/api-reference/config/next-config-js/allowedDevOrigins
